#
# An unexpected error has been detected by HotSpot Virtual Machine:
#
#  EXCEPTION_ACCESS_VIOLATION (0xc0000005) at pc=0x6d741e39, pid=5056, tid=5100
#
# Java VM: Java HotSpot(TM) Client VM (1.5.0_22-b03 mixed mode)
# Problematic frame:
# V  [jvm.dll+0x1e39]
#

---------------  T H R E A D  ---------------

Current thread (0x0030bb48):  VMThread [id=5100]

siginfo: ExceptionCode=0xc0000005, reading address 0x595c00c7

Registers:
EAX=0x595c00c3, EBX=0x00390000, ECX=0x43b3e7e0, EDX=0x595c00c3
ESP=0x003ff7fc, EBP=0x003ff820, ESI=0x43b3e7e0, EDI=0x43b3e7e0
EIP=0x6d741e39, EFLAGS=0x00010216

Top of Stack: (sp=0x003ff7fc)
0x003ff7fc:   43b3e7e0 6d83c45e 595c00c3 6d74d395
0x003ff80c:   43b3e7e0 003ff864 003ff864 0033fd90
0x003ff81c:   002b73b8 003ff854 6d795aa7 43b3e8f0
0x003ff82c:   6d7b4293 43b3e8f0 002b7188 6d7b4925
0x003ff83c:   002b7380 6d795712 003ff864 00000000
0x003ff84c:   00000002 0033fd40 003ff870 6d7b426c
0x003ff85c:   003ff864 00000000 6d876d14 43b3e8f0
0x003ff86c:   00000000 43b3e8f0 6d7b0699 43b3e8f0 

Instructions: (pc=0x6d741e39)
0x6d741e29:   e8 c2 49 06 00 5f 5e c9 c3 8b 54 24 04 56 8b f1
0x6d741e39:   8b 42 04 85 c0 7f 25 7d 1b 83 c9 ff 2b c8 8b 46 


Stack: [0x003c0000,0x00400000),  sp=0x003ff7fc,  free space=253k
Native frames: (J=compiled Java code, j=interpreted, Vv=VM code, C=native code)
V  [jvm.dll+0x1e39]
V  [jvm.dll+0x55aa7]
V  [jvm.dll+0x7426c]

VM_Operation (0x47fdeb2c): generation collection for allocation, mode: safepoint, requested by thread 0x47d153f0


---------------  P R O C E S S  ---------------

Java Threads: ( => current thread )
  0x48431520 JavaThread "
[error occurred during error reporting, step 170, id 0xc0000005]

VM state:at safepoint (normal execution)

VM Mutex/Monitor currently owned by a thread:  ([mutex/lock_event])
[0x00338f60/0x000000f0] Threads_lock - owner thread: 0x0030bb48
[0x003378d8/0x0000012c] Heap_lock - owner thread: 0x47d153f0

Heap
 def new generation   total 1920K, used 33K [0x03670000, 0x03880000, 0x08530000)
  eden space 1728K,   0% used [0x03670000, 0x03670000, 0x03820000)
  from space 192K,  17% used [0x03820000, 0x03828488, 0x03850000)
  to   space 192K,   0% used [0x03850000, 0x03850000, 0x03880000)
 tenured generation   total 25068K, used 24970K [0x08530000, 0x09dab000, 0x43670000)
   the space 25068K,  99% used [0x08530000, 0x09d92868, 0x098ce000, 0x09dab000)
 compacting perm gen  total 11008K, used 10890K [0x43670000, 0x44130000, 0x47670000)
   the space 11008K,  98% used [0x43670000, 0x44112958, 0x44107a00, 0x44130000)
No shared spaces configured.

Dynamic libraries:
0x00400000 - 0x0040d000 	C:\Program Files\Java\jdk1.5.0_22\bin\java.exe
0x76fe0000 - 0x77122000 	C:\Windows\SYSTEM32\ntdll.dll
0x76cc0000 - 0x76d95000 	C:\Windows\system32\kernel32.dll
0x750b0000 - 0x750fb000 	C:\Windows\system32\KERNELBASE.dll
0x76b60000 - 0x76c01000 	C:\Windows\system32\ADVAPI32.dll
0x75220000 - 0x752cc000 	C:\Windows\system32\msvcrt.dll
0x761f0000 - 0x76209000 	C:\Windows\SYSTEM32\sechost.dll
0x76c10000 - 0x76cb2000 	C:\Windows\system32\RPCRT4.dll
0x6d740000 - 0x6d8de000 	C:\Program Files\Java\jdk1.5.0_22\jre\bin\client\jvm.dll
0x75380000 - 0x75449000 	C:\Windows\system32\USER32.dll
0x76210000 - 0x7625e000 	C:\Windows\system32\GDI32.dll
0x77130000 - 0x7713a000 	C:\Windows\system32\LPK.dll
0x76260000 - 0x762fd000 	C:\Windows\system32\USP10.dll
0x6c410000 - 0x6c442000 	C:\Windows\system32\WINMM.dll
0x77150000 - 0x7716f000 	C:\Windows\system32\IMM32.DLL
0x76120000 - 0x761ed000 	C:\Windows\system32\MSCTF.dll
0x74dc0000 - 0x74e0c000 	C:\Windows\system32\apphelp.dll
0x6d300000 - 0x6d308000 	C:\Program Files\Java\jdk1.5.0_22\jre\bin\hpi.dll
0x77170000 - 0x77175000 	C:\Windows\system32\PSAPI.DLL
0x6d400000 - 0x6d435000 	C:\Program Files\Java\jdk1.5.0_22\jre\bin\jdwp.dll
0x6d710000 - 0x6d71c000 	C:\Program Files\Java\jdk1.5.0_22\jre\bin\verify.dll
0x6d380000 - 0x6d39d000 	C:\Program Files\Java\jdk1.5.0_22\jre\bin\java.dll
0x6d730000 - 0x6d73f000 	C:\Program Files\Java\jdk1.5.0_22\jre\bin\zip.dll
0x6d280000 - 0x6d288000 	C:\Program Files\Java\jdk1.5.0_22\jre\bin\dt_shmem.dll
0x6d540000 - 0x6d553000 	C:\Program Files\Java\jdk1.5.0_22\jre\bin\net.dll
0x77180000 - 0x771b5000 	C:\Windows\system32\WS2_32.dll
0x771c0000 - 0x771c6000 	C:\Windows\system32\NSI.dll
0x748e0000 - 0x7491c000 	C:\Windows\system32\mswsock.dll
0x748d0000 - 0x748d6000 	C:\Windows\System32\wship6.dll
0x6d070000 - 0x6d1e0000 	C:\Program Files\Java\jdk1.5.0_22\jre\bin\awt.dll
0x726e0000 - 0x72731000 	C:\Windows\system32\WINSPOOL.DRV
0x76780000 - 0x768dd000 	C:\Windows\system32\ole32.dll
0x739b0000 - 0x739f0000 	C:\Windows\system32\uxtheme.dll
0x73410000 - 0x73423000 	C:\Windows\system32\dwmapi.dll
0x74e10000 - 0x74e1c000 	C:\Windows\system32\CRYPTBASE.dll
0x75450000 - 0x7609c000 	C:\Windows\system32\shell32.dll
0x771d0000 - 0x77227000 	C:\Windows\system32\SHLWAPI.dll
0x6d2b0000 - 0x6d300000 	C:\Program Files\Java\jdk1.5.0_22\jre\bin\fontmanager.dll
0x6d560000 - 0x6d569000 	C:\Program Files\Java\jdk1.5.0_22\jre\bin\nio.dll
0x48060000 - 0x48067000 	C:\Program Files\Internet Download Manager\idmmkb.dll
0x76ac0000 - 0x76b51000 	C:\Windows\system32\OLEAUT32.dll
0x74380000 - 0x74389000 	C:\Windows\system32\VERSION.dll
0x76a30000 - 0x76ab3000 	C:\Windows\system32\CLBCatQ.DLL
0x6d230000 - 0x6d253000 	C:\Program Files\Java\jdk1.5.0_22\jre\bin\dcpr.dll
0x6d200000 - 0x6d22f000 	C:\Program Files\Java\jdk1.5.0_22\jre\bin\cmm.dll

VM Arguments:
jvm_args: -Xdebug -Xrunjdwp:transport=dt_shmem,address=javadebug -Dfile.encoding=UTF-8 -Xmx1024m
java_command: jist.runtime.Main jist.swans.Main sidnet.stack.users.csgp_adaptivepath.driver.CSGPAP_Driver 200 500 36000 true false false false
Launcher Type: SUN_STANDARD

Environment Variables:
PATH=C:\ProgramData\Oracle\Java\javapath;C:\Windows\system32;C:\Windows;C:\Windows\System32\Wbem;C:\Windows\System32\WindowsPowerShell\v1.0\;C:\Program Files\Intel\OpenCL SDK\2.0\bin\x86;C:\Program Files\Git\cmd;C:\Program Files\TortoiseGit\bin
USERNAME=Maira_Fakhri
OS=Windows_NT
PROCESSOR_IDENTIFIER=x86 Family 6 Model 58 Stepping 9, GenuineIntel



---------------  S Y S T E M  ---------------

OS: Windows 7 Build 7601 Service Pack 1

CPU:total 4 (cores per cpu 8, threads per core 2) family 6 model 10 stepping 9, cmov, cx8, fxsr, mmx, sse, sse2, ht

Memory: 4k page, physical 2097151k(1611744k free), swap 4194303k(4123492k free)

vm_info: Java HotSpot(TM) Client VM (1.5.0_22-b03) for windows-x86, built on Oct  9 2009 01:15:45 by "java_re" with MS VC++ 6.0

time: Mon Feb 19 05:18:52 2018
elapsed time: 219 seconds

