#
# An unexpected error has been detected by HotSpot Virtual Machine:
#
#  EXCEPTION_ACCESS_VIOLATION (0xc0000005) at pc=0x6d813268, pid=5384, tid=5540
#
# Java VM: Java HotSpot(TM) Client VM (1.5.0_22-b03 mixed mode)
# Problematic frame:
# V  [jvm.dll+0xd3268]
#

---------------  T H R E A D  ---------------

Current thread (0x003dbb48):  VMThread [id=5540]

siginfo: ExceptionCode=0xc0000005, reading address 0x74616568

Registers:
EAX=0x6d877a74, EBX=0x0000002a, ECX=0x74616560, EDX=0x00000003
ESP=0x0054fe14, EBP=0x0054fe50, ESI=0x003f26c8, EDI=0x00000001
EIP=0x6d813268, EFLAGS=0x00010297

Top of Stack: (sp=0x0054fe14)
0x0054fe14:   6d800a7c 000001a7 6d800982 00000000
0x0054fe24:   0054fe48 00000007 6d7ffbb3 0055fd48
0x0054fe34:   4898f23c 6d86b4aa 00558fb0 4898f23c
0x0054fe44:   00000000 00000001 00000003 0054fe6c
0x0054fe54:   6d86b324 4898f23c 003c6000 003dbbf0
0x0054fe64:   003dbbf8 003dbfe4 0054feb0 6d86adf2
0x0054fe74:   00558fb0 00000000 00000000 00000000
0x0054fe84:   00000000 0033fb22 00000000 00000001 

Instructions: (pc=0x6d813268)
0x6d813258:   c2 08 00 8b 44 24 04 2b 41 08 83 e8 30 c2 04 00
0x6d813268:   8b 41 08 8b 4c 24 04 8d 44 08 30 c2 04 00 8b 44 


Stack: [0x00510000,0x00550000),  sp=0x0054fe14,  free space=255k
Native frames: (J=compiled Java code, j=interpreted, Vv=VM code, C=native code)
V  [jvm.dll+0xd3268]
V  [jvm.dll+0x12b324]
V  [jvm.dll+0x12adf2]
V  [jvm.dll+0x12af9b]
V  [jvm.dll+0x12ad00]
C  [msvcrt.dll+0x11287]
C  [msvcrt.dll+0x11328]
C  [kernel32.dll+0x4ef8c]
C  [ntdll.dll+0x6367a]
C  [ntdll.dll+0x6364d]

VM_Operation (0x4898f23c): generation collection for allocation, mode: safepoint, requested by thread 0x47db3088


---------------  P R O C E S S  ---------------

Java Threads: ( => current thread )
  0x47e1fe08 JavaThread "org.netbeans.modules.debugger.jpda.visual AWT Access Loop" daemon [_thread_blocked, id=5712]
  0x47db3088 JavaThread "AWT-EventQueue-0" [_thread_blocked, id=1976]
  0x47d80fe0 JavaThread "Java2D Disposer" daemon [_thread_blocked, id=548]
  0x47d2aaf8 JavaThread "AWT-Windows" daemon [_thread_blocked, id=3500]
  0x47d07458 JavaThread "AWT-Shutdown" [_thread_blocked, id=952]
  0x47d05ae0 JavaThread "JistController-1" [_thread_blocked, id=5456]
  0x003fa5d0 JavaThread "Low Memory Detector" daemon [_thread_blocked, id=532]
  0x003f6460 JavaThread "CompilerThread0" daemon [_thread_blocked, id=5576]
  0x003f8618 JavaThread "Signal Dispatcher" daemon [_thread_blocked, id=5916]
  0x003f2f38 JavaThread "JDWP Command Reader" daemon [_thread_in_native, id=1548]
  0x003f1c40 JavaThread "JDWP Event Helper Thread" daemon [_thread_blocked, id=1692]
  0x003f0bc8 JavaThread "JDWP Transport Listener: dt_shmem" daemon [_thread_blocked, id=5248]
  0x003df008 JavaThread "Finalizer" daemon [_thread_blocked, id=1104]
  0x003de3d0 JavaThread "Reference Handler" daemon [_thread_blocked, id=3056]
  0x00559798 JavaThread "main" [_thread_blocked, id=2956]

Other Threads:
=>0x003dbb48 VMThread [id=5540]
  0x003f12d0 WatcherThread [id=1340]

VM state:at safepoint (normal execution)

VM Mutex/Monitor currently owned by a thread:  ([mutex/lock_event])
[0x00558f68/0x000000f0] Threads_lock - owner thread: 0x003dbb48
[0x005578e0/0x0000012c] Heap_lock - owner thread: 0x47db3088

Heap
 def new generation   total 576K, used 0K [0x03670000, 0x03710000, 0x08530000)
  eden space 512K,   0% used [0x03670000, 0x03670000, 0x036f0000)
  from space 64K,   0% used [0x036f0000, 0x036f0000, 0x03700000)
  to   space 64K,   0% used [0x03700000, 0x03700000, 0x03710000)
 tenured generation   total 6180K, used 5924K [0x08530000, 0x08b39000, 0x43670000)
   the space 6180K,  95% used [0x08530000, 0x08af91e8, 0x08af9200, 0x08b39000)
 compacting perm gen  total 8192K, used 7581K [0x43670000, 0x43e70000, 0x47670000)
   the space 8192K,  92% used [0x43670000, 0x43dd7588, 0x43dd7600, 0x43e70000)
No shared spaces configured.

Dynamic libraries:
0x00400000 - 0x0040d000 	C:\Program Files\Java\jdk1.5.0_22\bin\java.exe
0x77370000 - 0x774b2000 	C:\Windows\SYSTEM32\ntdll.dll
0x762c0000 - 0x76395000 	C:\Windows\system32\kernel32.dll
0x753a0000 - 0x753eb000 	C:\Windows\system32\KERNELBASE.dll
0x75bf0000 - 0x75c91000 	C:\Windows\system32\ADVAPI32.dll
0x75ca0000 - 0x75d4c000 	C:\Windows\system32\msvcrt.dll
0x77500000 - 0x77519000 	C:\Windows\SYSTEM32\sechost.dll
0x77140000 - 0x771e2000 	C:\Windows\system32\RPCRT4.dll
0x6d740000 - 0x6d8de000 	C:\Program Files\Java\jdk1.5.0_22\jre\bin\client\jvm.dll
0x75820000 - 0x758e9000 	C:\Windows\system32\USER32.dll
0x75a60000 - 0x75aae000 	C:\Windows\system32\GDI32.dll
0x774f0000 - 0x774fa000 	C:\Windows\system32\LPK.dll
0x77520000 - 0x775bd000 	C:\Windows\system32\USP10.dll
0x6cfe0000 - 0x6d012000 	C:\Windows\system32\WINMM.dll
0x755b0000 - 0x755cf000 	C:\Windows\system32\IMM32.DLL
0x75ef0000 - 0x75fbd000 	C:\Windows\system32\MSCTF.dll
0x75150000 - 0x7519c000 	C:\Windows\system32\apphelp.dll
0x6d300000 - 0x6d308000 	C:\Program Files\Java\jdk1.5.0_22\jre\bin\hpi.dll
0x75fc0000 - 0x75fc5000 	C:\Windows\system32\PSAPI.DLL
0x6d400000 - 0x6d435000 	C:\Program Files\Java\jdk1.5.0_22\jre\bin\jdwp.dll
0x6d710000 - 0x6d71c000 	C:\Program Files\Java\jdk1.5.0_22\jre\bin\verify.dll
0x6d380000 - 0x6d39d000 	C:\Program Files\Java\jdk1.5.0_22\jre\bin\java.dll
0x6d730000 - 0x6d73f000 	C:\Program Files\Java\jdk1.5.0_22\jre\bin\zip.dll
0x6d280000 - 0x6d288000 	C:\Program Files\Java\jdk1.5.0_22\jre\bin\dt_shmem.dll
0x6d540000 - 0x6d553000 	C:\Program Files\Java\jdk1.5.0_22\jre\bin\net.dll
0x75fd0000 - 0x76005000 	C:\Windows\system32\WS2_32.dll
0x75a50000 - 0x75a56000 	C:\Windows\system32\NSI.dll
0x74c70000 - 0x74cac000 	C:\Windows\system32\mswsock.dll
0x74c60000 - 0x74c66000 	C:\Windows\System32\wship6.dll
0x6d070000 - 0x6d1e0000 	C:\Program Files\Java\jdk1.5.0_22\jre\bin\awt.dll
0x6bd30000 - 0x6bd81000 	C:\Windows\system32\WINSPOOL.DRV
0x758f0000 - 0x75a4d000 	C:\Windows\system32\ole32.dll
0x73c80000 - 0x73cc0000 	C:\Windows\system32\uxtheme.dll
0x737c0000 - 0x737d3000 	C:\Windows\system32\dwmapi.dll
0x751a0000 - 0x751ac000 	C:\Windows\system32\CRYPTBASE.dll
0x764f0000 - 0x7713c000 	C:\Windows\system32\shell32.dll
0x75b40000 - 0x75b97000 	C:\Windows\system32\SHLWAPI.dll
0x6d2b0000 - 0x6d300000 	C:\Program Files\Java\jdk1.5.0_22\jre\bin\fontmanager.dll
0x6d560000 - 0x6d569000 	C:\Program Files\Java\jdk1.5.0_22\jre\bin\nio.dll
0x48020000 - 0x48027000 	C:\Program Files\Internet Download Manager\idmmkb.dll
0x772d0000 - 0x77361000 	C:\Windows\system32\OLEAUT32.dll
0x74710000 - 0x74719000 	C:\Windows\system32\VERSION.dll
0x6d200000 - 0x6d22f000 	C:\Program Files\Java\jdk1.5.0_22\jre\bin\cmm.dll
0x75ab0000 - 0x75b33000 	C:\Windows\system32\CLBCatQ.DLL

VM Arguments:
jvm_args: -Xdebug -Xrunjdwp:transport=dt_shmem,address=javadebug -Dfile.encoding=UTF-8 -Xmx1024m
java_command: jist.runtime.Main jist.swans.Main sidnet.stack.users.csgp_adaptivepath.driver.CSGPAP_Driver 100 500 10000000 true false false false
Launcher Type: SUN_STANDARD

Environment Variables:
PATH=C:\ProgramData\Oracle\Java\javapath;C:\Windows\system32;C:\Windows;C:\Windows\System32\Wbem;C:\Windows\System32\WindowsPowerShell\v1.0\;C:\Program Files\Intel\OpenCL SDK\2.0\bin\x86;C:\Program Files\Git\cmd;C:\Program Files\TortoiseGit\bin
USERNAME=Maira_Fakhri
OS=Windows_NT
PROCESSOR_IDENTIFIER=x86 Family 6 Model 58 Stepping 9, GenuineIntel



---------------  S Y S T E M  ---------------

OS: Windows 7 Build 7601 Service Pack 1

CPU:total 4 (cores per cpu 8, threads per core 2) family 6 model 10 stepping 9, cmov, cx8, fxsr, mmx, sse, sse2, ht

Memory: 4k page, physical 2097151k(322540k free), swap 4194303k(2585232k free)

vm_info: Java HotSpot(TM) Client VM (1.5.0_22-b03) for windows-x86, built on Oct  9 2009 01:15:45 by "java_re" with MS VC++ 6.0

time: Thu Feb 22 16:38:13 2018
elapsed time: 1 seconds

